<?xml version="1.0" encoding="UTF-8"?>
<testng-results ignored="0" total="0" passed="0" failed="0" skipped="0">
  <reporter-output>
  </reporter-output>
  <suite started-at="2021-04-28T21:59:03Z" name="com.automation.finalP.AppTest" finished-at="2021-04-28T21:59:03Z" duration-ms="3">
    <groups>
    </groups>
    <test started-at="2021-04-28T21:59:03Z" name="Command line test" finished-at="2021-04-28T21:59:03Z" duration-ms="3">
    </test> <!-- Command line test -->
  </suite> <!-- com.automation.finalP.AppTest -->
</testng-results>
